
Migration account: 0x3ee9e18edc71a6df30ac3aca2e0b02a198fbce19b7480a63a0d71cbd76652e0

[1] 🌎 Building World state....
  > No remote World found
[2] 🧰 Evaluating Worlds diff....
  > Total diffs found: 12
[3] 📦 Preparing for migration....
  > Total items to be migrated (12): New 12 Update 0
  
# Executor
  > Contract address: 0x3303003675fd700d9336fe21604e7fd6dbf680390205eb5db884513c3bf6280
# World
  > Contract address: 0x26065106fa319c3981618e7567480a50132f23932226a51c219ffb8e47daa84
# Components (5)
Piece
  > class hash: 0x1a6c5b0f305b9cbd1ae0d0a29217651376e929d8924f3175563074833620d8
Position
  > class hash: 0x66b78dabadda0099329e5f65d98bbcd71a370878074cd71973f249fe8c5439e
PlayersId
  > class hash: 0x4d4b5fa6dd5ed5974a279f88ec250413b1ab986b86f86c8a451426ec2e4de27
Game
  > class hash: 0x468dc80d7b22025f22496e59932c774d35d92b2a0313e43ea1a4f4efd2fe6cd
GameTurn
  > class hash: 0x51ac1b575001e6c31fa7353da6c502f4161bd59d3e8e19ae256ca4f8dce0b0c
# Systems (5)
give_up_system
  > class hash: 0xe69116ac4729e1ed623ebc559d636a7826cc962270fa5e349a045c13cd84fb
execute_move_system
  > class hash: 0x6b104361edf914aa281958370e14f3fc6e46e1125c52b7d781d69583b048b1e
initiate_system
  > class hash: 0x44a85be4a7df3d68632341c3a382f95aa3fa19373a620053bbd68f28f3a0f24
kill_piece_system
  > class hash: 0x23bf7c6c115f804f872efc7c2ab083d13595f4bcf45b49613992963c3b6b2ad
library_call
  > class hash: 0x68db745e776a934ba464f98c2286844df8c56eda78a0911f0971f7081b26d21

🎉 Successfully migrated World at address 0x26065106fa319c3981618e7567480a50132f23932226a51c219ffb8e47daa84
